TN:
SF:app.js
FN:20,(anonymous_0)
FN:24,(anonymous_1)
FN:32,(anonymous_2)
FN:39,(anonymous_3)
FNF:4
FNH:3
FNDA:2,(anonymous_0)
FNDA:0,(anonymous_1)
FNDA:6,(anonymous_2)
FNDA:2,(anonymous_3)
DA:9,2
DA:11,2
DA:17,2
DA:18,2
DA:19,2
DA:21,2
DA:25,0
DA:29,2
DA:30,2
DA:32,2
DA:33,6
DA:34,6
DA:37,2
DA:39,2
DA:40,2
DA:41,0
DA:42,0
DA:44,2
DA:47,2
LF:19
LH:16
BRDA:37,0,0,2
BRDA:37,0,1,0
BRDA:40,1,0,0
BRDA:40,1,1,2
BRF:4
BRH:2
end_of_record
TN:
SF:controllers\authopera.js
FN:20,(anonymous_0)
FN:27,(anonymous_1)
FN:63,(anonymous_2)
FN:196,(anonymous_3)
FNF:4
FNH:4
FNDA:4,(anonymous_0)
FNDA:16,(anonymous_1)
FNDA:4,(anonymous_2)
FNDA:1,(anonymous_3)
DA:10,2
DA:15,2
DA:20,2
DA:21,4
DA:24,4
DA:26,4
DA:27,16
DA:29,4
DA:30,0
DA:31,0
DA:37,4
DA:39,4
DA:40,4
DA:42,4
DA:43,1
DA:46,3
DA:48,3
DA:50,2
DA:52,2
DA:58,1
DA:63,2
DA:66,4
DA:84,4
DA:85,4
DA:86,4
DA:88,4
DA:89,1
DA:92,3
DA:94,2
DA:96,1
DA:97,1
DA:100,1
DA:101,1
DA:102,1
DA:105,1
DA:107,1
DA:109,1
DA:110,0
DA:111,0
DA:119,0
DA:120,0
DA:121,0
DA:124,1
DA:125,1
DA:136,1
DA:137,1
DA:144,1
DA:146,1
DA:152,1
DA:196,2
DA:198,1
DA:201,1
DA:202,1
DA:203,1
DA:205,1
DA:206,0
DA:210,1
DA:211,1
DA:212,1
DA:214,1
DA:216,1
DA:218,1
DA:219,0
DA:223,1
DA:224,1
DA:225,1
DA:227,1
DA:228,1
DA:229,1
DA:234,0
LF:70
LH:60
BRDA:29,0,0,0
BRDA:29,0,1,4
BRDA:42,1,0,1
BRDA:42,1,1,3
BRDA:86,2,0,3
BRDA:86,2,1,1
BRDA:88,3,0,1
BRDA:88,3,1,3
BRDA:94,4,0,1
BRDA:94,4,1,1
BRDA:109,5,0,0
BRDA:109,5,1,1
BRDA:203,6,0,1
BRDA:203,6,1,1
BRDA:205,7,0,0
BRDA:205,7,1,1
BRDA:218,8,0,0
BRDA:218,8,1,1
BRF:18
BRH:14
end_of_record
TN:
SF:controllers\eventopera.js
FN:14,(anonymous_0)
FN:63,(anonymous_1)
FN:131,(anonymous_2)
FN:149,(anonymous_3)
FN:211,(anonymous_4)
FN:256,(anonymous_5)
FN:283,(anonymous_6)
FN:380,(anonymous_7)
FN:397,(anonymous_8)
FN:489,(anonymous_9)
FNF:10
FNH:8
FNDA:3,(anonymous_0)
FNDA:2,(anonymous_1)
FNDA:3,(anonymous_2)
FNDA:5,(anonymous_3)
FNDA:2,(anonymous_4)
FNDA:3,(anonymous_5)
FNDA:4,(anonymous_6)
FNDA:2,(anonymous_7)
FNDA:0,(anonymous_8)
FNDA:0,(anonymous_9)
DA:7,2
DA:14,2
DA:16,3
DA:17,3
DA:19,3
DA:22,3
DA:23,3
DA:25,3
DA:26,1
DA:32,2
DA:33,2
DA:34,2
DA:50,2
DA:51,1
DA:52,1
DA:56,1
DA:63,2
DA:64,2
DA:67,2
DA:70,2
DA:71,2
DA:72,1
DA:73,1
DA:74,1
DA:75,1
DA:80,0
DA:87,0
DA:89,0
DA:90,0
DA:93,0
DA:96,0
DA:98,0
DA:99,0
DA:102,0
DA:124,1
DA:131,2
DA:133,3
DA:134,3
DA:136,2
DA:137,1
DA:140,1
DA:143,1
DA:149,2
DA:151,5
DA:152,5
DA:155,5
DA:156,5
DA:158,5
DA:159,1
DA:166,4
DA:167,4
DA:168,4
DA:170,4
DA:171,1
DA:175,3
DA:177,3
DA:178,3
DA:179,3
DA:180,3
DA:181,3
DA:190,3
DA:193,2
DA:194,1
DA:197,1
DA:200,1
DA:211,2
DA:212,2
DA:228,2
DA:229,1
DA:230,1
DA:235,0
DA:240,1
DA:256,2
DA:257,3
DA:258,3
DA:260,3
DA:264,2
DA:265,1
DA:268,1
DA:272,1
DA:273,1
DA:274,1
DA:277,1
DA:283,2
DA:285,4
DA:291,4
DA:296,4
DA:298,3
DA:299,1
DA:303,2
DA:304,1
DA:310,1
DA:314,1
DA:315,1
DA:317,1
DA:318,1
DA:319,1
DA:320,1
DA:322,1
DA:323,1
DA:324,1
DA:325,1
DA:326,1
DA:327,1
DA:328,1
DA:329,1
DA:332,1
DA:333,1
DA:334,1
DA:335,1
DA:336,1
DA:338,1
DA:340,1
DA:357,1
DA:358,1
DA:359,1
DA:363,1
DA:366,1
DA:370,1
DA:373,2
DA:380,2
DA:382,2
DA:383,2
DA:384,2
DA:386,1
DA:390,1
DA:397,2
DA:399,0
DA:401,0
DA:402,0
DA:403,0
DA:404,0
DA:406,0
DA:407,0
DA:411,0
DA:414,0
DA:415,0
DA:421,0
DA:422,0
DA:426,0
DA:427,0
DA:430,0
DA:432,0
DA:433,0
DA:435,0
DA:436,0
DA:437,0
DA:438,0
DA:439,0
DA:440,0
DA:441,0
DA:442,0
DA:443,0
DA:444,0
DA:445,0
DA:449,0
DA:450,0
DA:453,0
DA:454,0
DA:455,0
DA:456,0
DA:457,0
DA:458,0
DA:459,0
DA:460,0
DA:461,0
DA:462,0
DA:463,0
DA:469,0
DA:470,0
DA:471,0
DA:473,0
DA:479,0
DA:489,2
DA:492,0
DA:494,0
DA:496,0
DA:497,0
DA:500,0
DA:502,0
DA:503,0
DA:504,0
DA:506,0
DA:509,0
DA:510,0
DA:515,0
LF:186
LH:118
BRDA:25,0,0,1
BRDA:25,0,1,2
BRDA:70,1,0,2
BRDA:70,1,1,0
BRDA:89,2,0,0
BRDA:89,2,1,0
BRDA:98,3,0,0
BRDA:98,3,1,0
BRDA:98,4,0,0
BRDA:98,4,1,0
BRDA:136,5,0,1
BRDA:136,5,1,1
BRDA:136,6,0,2
BRDA:136,6,1,1
BRDA:158,7,0,1
BRDA:158,7,1,4
BRDA:170,8,0,1
BRDA:170,8,1,3
BRDA:170,9,0,4
BRDA:170,9,1,3
BRDA:177,10,0,3
BRDA:177,10,1,0
BRDA:178,11,0,3
BRDA:178,11,1,0
BRDA:179,12,0,3
BRDA:179,12,1,0
BRDA:180,13,0,2
BRDA:180,13,1,1
BRDA:181,14,0,3
BRDA:181,14,1,0
BRDA:193,15,0,1
BRDA:193,15,1,1
BRDA:229,16,0,1
BRDA:229,16,1,0
BRDA:229,17,0,1
BRDA:229,17,1,0
BRDA:264,18,0,1
BRDA:264,18,1,1
BRDA:298,19,0,1
BRDA:298,19,1,2
BRDA:303,20,0,1
BRDA:303,20,1,1
BRDA:406,21,0,0
BRDA:406,21,1,0
BRDA:406,22,0,0
BRDA:406,22,1,0
BRDA:414,23,0,0
BRDA:414,23,1,0
BRDA:421,24,0,0
BRDA:421,24,1,0
BRDA:426,25,0,0
BRDA:426,25,1,0
BRDA:430,26,0,0
BRDA:430,26,1,0
BRDA:432,27,0,0
BRDA:432,27,1,0
BRDA:449,28,0,0
BRDA:449,28,1,0
BRDA:496,29,0,0
BRDA:496,29,1,0
BRDA:496,30,0,0
BRDA:496,30,1,0
BRF:62
BRH:29
end_of_record
TN:
SF:middleware\authmiddle.js
FN:11,(anonymous_0)
FNF:1
FNH:1
FNDA:27,(anonymous_0)
DA:4,2
DA:12,27
DA:13,27
DA:15,27
DA:16,0
DA:19,27
DA:22,27
DA:24,27
DA:25,26
DA:27,26
DA:30,26
DA:32,26
DA:35,26
DA:36,1
DA:41,25
DA:42,25
DA:53,1
LF:17
LH:16
BRDA:13,0,0,27
BRDA:13,0,1,27
BRDA:15,1,0,0
BRDA:15,1,1,27
BRDA:35,2,0,1
BRDA:35,2,1,25
BRDA:35,3,0,26
BRDA:35,3,1,25
BRF:8
BRH:7
end_of_record
TN:
SF:middleware\roleauth.js
FN:12,(anonymous_0)
FN:13,(anonymous_1)
FNF:2
FNH:2
FNDA:10,(anonymous_0)
FNDA:10,(anonymous_1)
DA:6,2
DA:13,10
DA:15,10
DA:16,0
LF:4
LH:3
BRDA:15,0,0,0
BRDA:15,0,1,10
BRF:2
BRH:1
end_of_record
TN:
SF:models\EMB.js
FNF:0
FNH:0
DA:6,2
DA:10,2
LF:2
LH:2
BRF:0
BRH:0
end_of_record
TN:
SF:models\EventLoc.js
FNF:0
FNH:0
DA:11,2
LF:1
LH:1
BRF:0
BRH:0
end_of_record
TN:
SF:models\Events.js
FNF:0
FNH:0
DA:5,2
DA:11,2
LF:2
LH:2
BRF:0
BRH:0
end_of_record
TN:
SF:models\Logs.js
FNF:0
FNH:0
DA:3,2
DA:9,2
LF:2
LH:2
BRF:0
BRH:0
end_of_record
TN:
SF:models\Users.js
FN:33,(anonymous_0)
FNF:1
FNH:0
FNDA:0,(anonymous_0)
DA:6,2
DA:13,2
DA:33,2
DA:34,0
DA:35,0
DA:37,0
DA:38,0
LF:7
LH:3
BRDA:34,0,0,0
BRDA:34,0,1,0
BRF:2
BRH:0
end_of_record
TN:
SF:routes\authroutes.js
FN:23,authroutes
FN:30,(anonymous_1)
FN:51,(anonymous_2)
FN:87,(anonymous_3)
FNF:4
FNH:4
FNDA:2,authroutes
FNDA:23,(anonymous_1)
FNDA:9,(anonymous_2)
FNDA:6,(anonymous_3)
DA:6,2
DA:28,2
DA:33,23
DA:34,23
DA:35,15
DA:40,8
DA:41,8
DA:42,4
DA:50,2
DA:52,9
DA:53,9
DA:54,3
DA:61,6
DA:62,6
DA:63,2
DA:86,2
DA:91,6
DA:93,6
DA:94,6
DA:99,6
DA:100,3
DA:107,3
LF:22
LH:22
BRDA:34,0,0,15
BRDA:34,0,1,8
BRDA:41,1,0,4
BRDA:41,1,1,4
BRDA:53,2,0,3
BRDA:53,2,1,6
BRDA:62,3,0,2
BRDA:62,3,1,4
BRDA:99,4,0,3
BRDA:99,4,1,3
BRF:10
BRH:10
end_of_record
TN:
SF:routes\eventroutes.js
FN:44,eventRoutes
FN:55,(anonymous_1)
FN:128,(anonymous_2)
FN:154,(anonymous_3)
FN:204,(anonymous_4)
FN:280,(anonymous_5)
FN:330,(anonymous_6)
FN:367,(anonymous_7)
FN:423,(anonymous_8)
FN:462,(anonymous_9)
FN:517,(anonymous_10)
FNF:11
FNH:10
FNDA:2,eventRoutes
FNDA:40,(anonymous_1)
FNDA:2,(anonymous_2)
FNDA:11,(anonymous_3)
FNDA:33,(anonymous_4)
FNDA:16,(anonymous_5)
FNDA:16,(anonymous_6)
FNDA:16,(anonymous_7)
FNDA:10,(anonymous_8)
FNDA:1,(anonymous_9)
FNDA:0,(anonymous_10)
DA:3,2
DA:53,2
DA:60,40
DA:63,40
DA:64,8
DA:72,32
DA:73,32
DA:75,32
DA:76,18
DA:78,18
DA:79,18
DA:85,14
DA:87,14
DA:88,11
DA:95,3
DA:97,3
DA:127,2
DA:133,2
DA:137,2
DA:138,0
DA:145,2
DA:153,2
DA:156,11
DA:158,11
DA:162,11
DA:163,8
DA:169,3
DA:171,0
DA:177,3
DA:203,2
DA:209,33
DA:216,33
DA:218,33
DA:220,8
DA:229,25
DA:231,25
DA:233,6
DA:242,19
DA:244,19
DA:246,14
DA:268,5
DA:277,2
DA:283,16
DA:286,16
DA:288,16
DA:290,8
DA:299,8
DA:301,8
DA:303,6
DA:314,2
DA:326,2
DA:332,16
DA:334,16
DA:338,16
DA:340,8
DA:347,8
DA:349,8
DA:351,5
DA:356,3
DA:365,2
DA:369,16
DA:375,16
DA:377,8
DA:383,8
DA:385,8
DA:387,4
DA:395,4
DA:422,2
DA:425,10
DA:431,10
DA:434,8
DA:446,2
DA:458,2
DA:466,1
DA:472,1
DA:474,0
DA:481,1
DA:483,1
DA:485,1
DA:492,0
DA:495,0
DA:497,0
DA:504,0
DA:514,2
DA:519,0
DA:524,0
DA:526,0
DA:533,0
DA:535,0
DA:537,0
DA:544,0
LF:91
LH:77
BRDA:63,0,0,8
BRDA:63,0,1,32
BRDA:75,1,0,18
BRDA:75,1,1,14
BRDA:87,2,0,11
BRDA:87,2,1,3
BRDA:137,3,0,0
BRDA:137,3,1,2
BRDA:162,4,0,8
BRDA:162,4,1,3
BRDA:169,5,0,0
BRDA:169,5,1,3
BRDA:218,6,0,8
BRDA:218,6,1,25
BRDA:231,7,0,6
BRDA:231,7,1,19
BRDA:244,8,0,14
BRDA:244,8,1,5
BRDA:288,9,0,8
BRDA:288,9,1,8
BRDA:301,10,0,6
BRDA:301,10,1,2
BRDA:338,11,0,8
BRDA:338,11,1,8
BRDA:349,12,0,5
BRDA:349,12,1,3
BRDA:375,13,0,8
BRDA:375,13,1,8
BRDA:385,14,0,4
BRDA:385,14,1,4
BRDA:431,15,0,8
BRDA:431,15,1,2
BRDA:472,16,0,0
BRDA:472,16,1,1
BRDA:483,17,0,1
BRDA:483,17,1,0
BRDA:495,18,0,0
BRDA:495,18,1,0
BRDA:524,19,0,0
BRDA:524,19,1,0
BRDA:535,20,0,0
BRDA:535,20,1,0
BRF:42
BRH:32
end_of_record
TN:
SF:schemas\createEventSchema.js
FNF:0
FNH:0
DA:4,2
DA:8,2
LF:2
LH:2
BRF:0
BRH:0
end_of_record
TN:
SF:schemas\getbyidEventSchema.js
FNF:0
FNH:0
DA:5,2
DA:9,2
LF:2
LH:2
BRF:0
BRH:0
end_of_record
TN:
SF:schemas\loginUserSchema.js
FNF:0
FNH:0
DA:5,2
LF:1
LH:1
BRF:0
BRH:0
end_of_record
TN:
SF:schemas\posteventidSchema.js
FNF:0
FNH:0
DA:4,2
DA:8,2
LF:2
LH:2
BRF:0
BRH:0
end_of_record
TN:
SF:schemas\registerUserSchema.js
FNF:0
FNH:0
DA:5,2
LF:1
LH:1
BRF:0
BRH:0
end_of_record
TN:
SF:validators\AllHeader.js
FNF:0
FNH:0
DA:5,2
DA:9,2
LF:2
LH:2
BRF:0
BRH:0
end_of_record
TN:
SF:validators\Allparams.js
FNF:0
FNH:0
DA:6,2
DA:9,2
LF:2
LH:2
BRF:0
BRH:0
end_of_record
TN:
SF:validators\EMcreateEvent.js
FN:24,(anonymous_0)
FNF:1
FNH:1
FNDA:32,(anonymous_0)
DA:5,2
DA:9,2
DA:24,2
DA:25,32
DA:26,32
DA:28,183
DA:29,18
DA:36,14
LF:8
LH:8
BRDA:28,0,0,18
BRDA:28,0,1,165
BRF:2
BRH:2
end_of_record
TN:
SF:validators\EMgetEvents.js
FNF:0
FNH:0
DA:5,2
DA:8,2
LF:2
LH:2
BRF:0
BRH:0
end_of_record
TN:
SF:validators\EMgetbyidEvent.js
FNF:0
FNH:0
DA:5,2
DA:8,2
DA:17,2
LF:3
LH:3
BRF:0
BRH:0
end_of_record
TN:
SF:validators\EMupdateValidation.js
FNF:0
FNH:0
DA:5,2
DA:12,2
DA:19,2
DA:48,2
DA:58,2
LF:5
LH:5
BRF:0
BRH:0
end_of_record
TN:
SF:validators\EMzdeleteEvent.js
FNF:0
FNH:0
DA:5,2
DA:12,2
DA:20,2
DA:30,2
LF:4
LH:4
BRF:0
BRH:0
end_of_record
TN:
SF:validators\Udelete.js
FNF:0
FNH:0
DA:5,2
DA:17,2
DA:26,2
DA:36,2
LF:4
LH:4
BRF:0
BRH:0
end_of_record
TN:
SF:validators\Ueventbook.js
FNF:0
FNH:0
DA:5,2
DA:17,2
DA:24,2
DA:31,2
LF:4
LH:4
BRF:0
BRH:0
end_of_record
TN:
SF:validators\Ugetall.js
FNF:0
FNH:0
DA:5,2
DA:8,2
LF:2
LH:2
BRF:0
BRH:0
end_of_record
TN:
SF:validators\Uloc.js
FNF:0
FNH:0
DA:5,2
DA:17,2
DA:24,2
DA:31,2
LF:4
LH:4
BRF:0
BRH:0
end_of_record
TN:
SF:validators\Uupdate.js
FNF:0
FNH:0
DA:5,2
DA:17,2
DA:24,2
DA:30,2
DA:40,2
LF:5
LH:5
BRF:0
BRH:0
end_of_record
TN:
SF:validators\login.js
FN:19,(anonymous_0)
FNF:1
FNH:1
FNDA:9,(anonymous_0)
DA:5,2
DA:10,2
DA:19,2
DA:20,9
DA:21,9
DA:22,16
DA:23,3
DA:30,6
LF:8
LH:8
BRDA:22,0,0,3
BRDA:22,0,1,13
BRF:2
BRH:2
end_of_record
TN:
SF:validators\logout.js
FNF:0
FNH:0
DA:5,2
DA:9,2
LF:2
LH:2
BRF:0
BRH:0
end_of_record
TN:
SF:validators\registration.js
FN:21,(anonymous_0)
FNF:1
FNH:1
FNDA:23,(anonymous_0)
DA:5,2
DA:9,2
DA:21,2
DA:22,23
DA:23,23
DA:24,58
DA:25,15
DA:32,8
LF:8
LH:8
BRDA:24,0,0,15
BRDA:24,0,1,43
BRF:2
BRH:2
end_of_record
