TN:
SF:app.js
FN:20,(anonymous_0)
FN:24,(anonymous_1)
FN:32,(anonymous_2)
FN:39,(anonymous_3)
FNF:4
FNH:3
FNDA:2,(anonymous_0)
FNDA:0,(anonymous_1)
FNDA:6,(anonymous_2)
FNDA:2,(anonymous_3)
DA:9,2
DA:11,2
DA:17,2
DA:18,2
DA:19,2
DA:21,2
DA:25,0
DA:29,2
DA:30,2
DA:32,2
DA:33,6
DA:34,6
DA:37,2
DA:39,2
DA:40,2
DA:41,0
DA:42,0
DA:44,2
DA:47,2
LF:19
LH:16
BRDA:37,0,0,2
BRDA:37,0,1,0
BRDA:40,1,0,0
BRDA:40,1,1,2
BRF:4
BRH:2
end_of_record
TN:
SF:controllers\authopera.js
FN:20,(anonymous_0)
FN:27,(anonymous_1)
FN:63,(anonymous_2)
FN:196,(anonymous_3)
FNF:4
FNH:4
FNDA:4,(anonymous_0)
FNDA:16,(anonymous_1)
FNDA:4,(anonymous_2)
FNDA:1,(anonymous_3)
DA:10,2
DA:15,2
DA:20,2
DA:21,4
DA:24,4
DA:26,4
DA:27,16
DA:29,4
DA:30,0
DA:31,0
DA:37,4
DA:39,4
DA:40,4
DA:42,4
DA:43,1
DA:46,3
DA:48,3
DA:50,2
DA:52,2
DA:58,1
DA:63,2
DA:66,4
DA:84,4
DA:85,4
DA:86,4
DA:88,4
DA:89,1
DA:92,3
DA:94,2
DA:96,1
DA:97,1
DA:100,1
DA:101,1
DA:102,1
DA:105,1
DA:107,1
DA:109,1
DA:110,0
DA:111,0
DA:119,0
DA:120,0
DA:121,0
DA:124,1
DA:125,1
DA:136,1
DA:137,1
DA:144,1
DA:146,1
DA:152,1
DA:196,2
DA:198,1
DA:201,1
DA:202,1
DA:203,1
DA:205,1
DA:206,0
DA:210,1
DA:211,1
DA:212,1
DA:214,1
DA:216,1
DA:218,1
DA:219,0
DA:223,1
DA:224,1
DA:225,1
DA:227,1
DA:228,1
DA:229,1
DA:234,0
LF:70
LH:60
BRDA:29,0,0,0
BRDA:29,0,1,4
BRDA:42,1,0,1
BRDA:42,1,1,3
BRDA:86,2,0,3
BRDA:86,2,1,1
BRDA:88,3,0,1
BRDA:88,3,1,3
BRDA:94,4,0,1
BRDA:94,4,1,1
BRDA:109,5,0,0
BRDA:109,5,1,1
BRDA:203,6,0,1
BRDA:203,6,1,1
BRDA:205,7,0,0
BRDA:205,7,1,1
BRDA:218,8,0,0
BRDA:218,8,1,1
BRF:18
BRH:14
end_of_record
TN:
SF:controllers\eventopera.js
FN:15,(anonymous_0)
FN:64,(anonymous_1)
FN:132,(anonymous_2)
FN:150,(anonymous_3)
FN:212,(anonymous_4)
FN:257,(anonymous_5)
FN:284,(anonymous_6)
FN:381,(anonymous_7)
FN:398,(anonymous_8)
FN:490,(anonymous_9)
FNF:10
FNH:10
FNDA:3,(anonymous_0)
FNDA:4,(anonymous_1)
FNDA:3,(anonymous_2)
FNDA:5,(anonymous_3)
FNDA:3,(anonymous_4)
FNDA:3,(anonymous_5)
FNDA:4,(anonymous_6)
FNDA:2,(anonymous_7)
FNDA:4,(anonymous_8)
FNDA:1,(anonymous_9)
DA:8,2
DA:15,2
DA:17,3
DA:18,3
DA:20,3
DA:23,3
DA:24,3
DA:26,3
DA:27,1
DA:33,2
DA:34,2
DA:35,2
DA:51,2
DA:52,1
DA:53,1
DA:57,1
DA:64,2
DA:65,4
DA:68,4
DA:71,4
DA:72,2
DA:73,1
DA:74,1
DA:75,1
DA:76,1
DA:81,2
DA:88,0
DA:90,0
DA:91,0
DA:94,0
DA:97,0
DA:99,0
DA:100,0
DA:103,0
DA:125,3
DA:132,2
DA:134,3
DA:135,3
DA:137,2
DA:138,1
DA:141,1
DA:144,1
DA:150,2
DA:152,5
DA:153,5
DA:156,5
DA:157,5
DA:159,5
DA:160,1
DA:167,4
DA:168,4
DA:169,4
DA:171,4
DA:172,1
DA:176,3
DA:178,3
DA:179,3
DA:180,3
DA:181,3
DA:182,3
DA:191,3
DA:194,2
DA:195,1
DA:198,1
DA:201,1
DA:212,2
DA:213,3
DA:229,3
DA:230,2
DA:231,1
DA:236,1
DA:241,1
DA:257,2
DA:258,3
DA:259,3
DA:261,3
DA:265,2
DA:266,1
DA:269,1
DA:273,1
DA:274,1
DA:275,1
DA:278,1
DA:284,2
DA:286,4
DA:292,4
DA:297,4
DA:299,3
DA:300,1
DA:304,2
DA:305,1
DA:311,1
DA:315,1
DA:316,1
DA:318,1
DA:319,1
DA:320,1
DA:321,1
DA:323,1
DA:324,1
DA:325,1
DA:326,1
DA:327,1
DA:328,1
DA:329,0
DA:330,0
DA:333,0
DA:334,0
DA:335,0
DA:336,0
DA:337,0
DA:339,0
DA:341,0
DA:358,0
DA:359,0
DA:360,0
DA:364,0
DA:367,0
DA:371,0
DA:374,2
DA:381,2
DA:383,2
DA:384,2
DA:385,2
DA:387,1
DA:391,1
DA:398,2
DA:400,4
DA:402,4
DA:403,4
DA:404,4
DA:405,3
DA:407,3
DA:408,2
DA:412,0
DA:415,0
DA:416,0
DA:422,0
DA:423,0
DA:431,0
DA:433,0
DA:434,0
DA:436,0
DA:437,0
DA:438,0
DA:439,0
DA:440,0
DA:441,0
DA:442,0
DA:443,0
DA:444,0
DA:445,0
DA:446,0
DA:450,0
DA:451,0
DA:454,0
DA:455,0
DA:456,0
DA:457,0
DA:458,0
DA:459,0
DA:460,0
DA:461,0
DA:462,0
DA:463,0
DA:464,0
DA:470,0
DA:471,0
DA:472,0
DA:474,0
DA:480,2
DA:490,2
DA:493,1
DA:514,1
DA:516,1
DA:517,1
DA:520,0
DA:522,0
DA:523,0
DA:524,0
DA:526,0
DA:530,0
DA:535,0
LF:183
LH:117
BRDA:26,0,0,1
BRDA:26,0,1,2
BRDA:71,1,0,2
BRDA:71,1,1,2
BRDA:90,2,0,0
BRDA:90,2,1,0
BRDA:99,3,0,0
BRDA:99,3,1,0
BRDA:99,4,0,0
BRDA:99,4,1,0
BRDA:137,5,0,1
BRDA:137,5,1,1
BRDA:137,6,0,2
BRDA:137,6,1,1
BRDA:159,7,0,1
BRDA:159,7,1,4
BRDA:171,8,0,1
BRDA:171,8,1,3
BRDA:171,9,0,4
BRDA:171,9,1,3
BRDA:178,10,0,3
BRDA:178,10,1,0
BRDA:179,11,0,3
BRDA:179,11,1,0
BRDA:180,12,0,3
BRDA:180,12,1,0
BRDA:181,13,0,2
BRDA:181,13,1,1
BRDA:182,14,0,3
BRDA:182,14,1,0
BRDA:194,15,0,1
BRDA:194,15,1,1
BRDA:230,16,0,1
BRDA:230,16,1,1
BRDA:230,17,0,2
BRDA:230,17,1,1
BRDA:265,18,0,1
BRDA:265,18,1,1
BRDA:299,19,0,1
BRDA:299,19,1,2
BRDA:304,20,0,1
BRDA:304,20,1,1
BRDA:407,21,0,2
BRDA:407,21,1,0
BRDA:407,22,0,3
BRDA:407,22,1,2
BRDA:415,23,0,0
BRDA:415,23,1,0
BRDA:422,24,0,0
BRDA:422,24,1,0
BRDA:431,25,0,0
BRDA:431,25,1,0
BRDA:433,26,0,0
BRDA:433,26,1,0
BRDA:450,27,0,0
BRDA:450,27,1,0
BRDA:516,28,0,1
BRDA:516,28,1,0
BRDA:516,29,0,1
BRDA:516,29,1,0
BRF:60
BRH:37
end_of_record
TN:
SF:middleware\authmiddle.js
FN:11,(anonymous_0)
FNF:1
FNH:1
FNDA:36,(anonymous_0)
DA:4,2
DA:12,36
DA:13,36
DA:15,36
DA:16,0
DA:19,36
DA:22,36
DA:24,36
DA:25,35
DA:27,35
DA:30,35
DA:32,35
DA:35,35
DA:36,1
DA:41,34
DA:42,34
DA:53,1
LF:17
LH:16
BRDA:13,0,0,36
BRDA:13,0,1,36
BRDA:15,1,0,0
BRDA:15,1,1,36
BRDA:35,2,0,1
BRDA:35,2,1,34
BRDA:35,3,0,35
BRDA:35,3,1,34
BRF:8
BRH:7
end_of_record
TN:
SF:middleware\roleauth.js
FN:12,(anonymous_0)
FN:13,(anonymous_1)
FNF:2
FNH:2
FNDA:12,(anonymous_0)
FNDA:12,(anonymous_1)
DA:6,2
DA:13,12
DA:15,12
DA:16,1
LF:4
LH:4
BRDA:15,0,0,1
BRDA:15,0,1,11
BRF:2
BRH:2
end_of_record
TN:
SF:models\EMB.js
FNF:0
FNH:0
DA:6,2
DA:10,2
LF:2
LH:2
BRF:0
BRH:0
end_of_record
TN:
SF:models\EventLoc.js
FNF:0
FNH:0
DA:11,2
LF:1
LH:1
BRF:0
BRH:0
end_of_record
TN:
SF:models\Events.js
FNF:0
FNH:0
DA:5,2
DA:11,2
LF:2
LH:2
BRF:0
BRH:0
end_of_record
TN:
SF:models\Logs.js
FNF:0
FNH:0
DA:3,2
DA:9,2
LF:2
LH:2
BRF:0
BRH:0
end_of_record
TN:
SF:models\Users.js
FN:33,(anonymous_0)
FNF:1
FNH:0
FNDA:0,(anonymous_0)
DA:6,2
DA:13,2
DA:33,2
DA:34,0
DA:35,0
DA:37,0
DA:38,0
LF:7
LH:3
BRDA:34,0,0,0
BRDA:34,0,1,0
BRF:2
BRH:0
end_of_record
TN:
SF:routes\authroutes.js
FN:23,authroutes
FN:30,(anonymous_1)
FN:51,(anonymous_2)
FN:87,(anonymous_3)
FNF:4
FNH:4
FNDA:2,authroutes
FNDA:23,(anonymous_1)
FNDA:9,(anonymous_2)
FNDA:11,(anonymous_3)
DA:6,2
DA:28,2
DA:33,23
DA:34,23
DA:35,15
DA:40,8
DA:41,8
DA:42,4
DA:50,2
DA:52,9
DA:53,9
DA:54,3
DA:61,6
DA:62,6
DA:63,2
DA:86,2
DA:93,11
DA:95,11
DA:96,11
DA:101,11
DA:102,8
DA:109,3
LF:22
LH:22
BRDA:34,0,0,15
BRDA:34,0,1,8
BRDA:41,1,0,4
BRDA:41,1,1,4
BRDA:53,2,0,3
BRDA:53,2,1,6
BRDA:62,3,0,2
BRDA:62,3,1,4
BRDA:101,4,0,8
BRDA:101,4,1,3
BRF:10
BRH:10
end_of_record
TN:
SF:routes\eventroutes.js
FN:44,eventRoutes
FN:55,(anonymous_1)
FN:128,(anonymous_2)
FN:154,(anonymous_3)
FN:204,(anonymous_4)
FN:280,(anonymous_5)
FN:330,(anonymous_6)
FN:367,(anonymous_7)
FN:423,(anonymous_8)
FN:462,(anonymous_9)
FN:517,(anonymous_10)
FNF:11
FNH:11
FNDA:2,eventRoutes
FNDA:40,(anonymous_1)
FNDA:4,(anonymous_2)
FNDA:11,(anonymous_3)
FNDA:33,(anonymous_4)
FNDA:18,(anonymous_5)
FNDA:16,(anonymous_6)
FNDA:16,(anonymous_7)
FNDA:10,(anonymous_8)
FNDA:22,(anonymous_9)
FNDA:15,(anonymous_10)
DA:3,2
DA:53,2
DA:60,40
DA:63,40
DA:64,8
DA:72,32
DA:73,32
DA:75,32
DA:76,18
DA:78,18
DA:79,18
DA:85,14
DA:87,14
DA:88,11
DA:95,3
DA:97,3
DA:127,2
DA:133,4
DA:137,4
DA:138,0
DA:145,4
DA:153,2
DA:156,11
DA:158,11
DA:162,11
DA:163,8
DA:169,3
DA:171,0
DA:177,3
DA:203,2
DA:209,33
DA:216,33
DA:218,33
DA:220,8
DA:229,25
DA:231,25
DA:233,6
DA:242,19
DA:244,19
DA:246,14
DA:268,5
DA:277,2
DA:283,18
DA:286,18
DA:288,18
DA:290,8
DA:299,10
DA:301,10
DA:303,6
DA:314,4
DA:326,2
DA:332,16
DA:334,16
DA:338,16
DA:340,8
DA:347,8
DA:349,8
DA:351,5
DA:356,3
DA:365,2
DA:369,16
DA:375,16
DA:377,8
DA:383,8
DA:385,8
DA:387,4
DA:395,4
DA:422,2
DA:425,10
DA:431,10
DA:434,8
DA:446,2
DA:458,2
DA:466,22
DA:472,22
DA:474,8
DA:481,14
DA:483,14
DA:485,4
DA:492,10
DA:495,10
DA:497,6
DA:504,4
DA:514,2
DA:519,15
DA:524,15
DA:526,8
DA:533,7
DA:535,7
DA:537,6
DA:544,1
LF:91
LH:89
BRDA:63,0,0,8
BRDA:63,0,1,32
BRDA:75,1,0,18
BRDA:75,1,1,14
BRDA:87,2,0,11
BRDA:87,2,1,3
BRDA:137,3,0,0
BRDA:137,3,1,4
BRDA:162,4,0,8
BRDA:162,4,1,3
BRDA:169,5,0,0
BRDA:169,5,1,3
BRDA:218,6,0,8
BRDA:218,6,1,25
BRDA:231,7,0,6
BRDA:231,7,1,19
BRDA:244,8,0,14
BRDA:244,8,1,5
BRDA:288,9,0,8
BRDA:288,9,1,10
BRDA:301,10,0,6
BRDA:301,10,1,4
BRDA:338,11,0,8
BRDA:338,11,1,8
BRDA:349,12,0,5
BRDA:349,12,1,3
BRDA:375,13,0,8
BRDA:375,13,1,8
BRDA:385,14,0,4
BRDA:385,14,1,4
BRDA:431,15,0,8
BRDA:431,15,1,2
BRDA:472,16,0,8
BRDA:472,16,1,14
BRDA:483,17,0,4
BRDA:483,17,1,10
BRDA:495,18,0,6
BRDA:495,18,1,4
BRDA:524,19,0,8
BRDA:524,19,1,7
BRDA:535,20,0,6
BRDA:535,20,1,1
BRF:42
BRH:40
end_of_record
TN:
SF:schemas\createEventSchema.js
FNF:0
FNH:0
DA:4,2
DA:8,2
LF:2
LH:2
BRF:0
BRH:0
end_of_record
TN:
SF:schemas\getbyidEventSchema.js
FNF:0
FNH:0
DA:5,2
DA:9,2
LF:2
LH:2
BRF:0
BRH:0
end_of_record
TN:
SF:schemas\loginUserSchema.js
FNF:0
FNH:0
DA:5,2
LF:1
LH:1
BRF:0
BRH:0
end_of_record
TN:
SF:schemas\posteventidSchema.js
FNF:0
FNH:0
DA:4,2
DA:8,2
LF:2
LH:2
BRF:0
BRH:0
end_of_record
TN:
SF:schemas\registerUserSchema.js
FNF:0
FNH:0
DA:5,2
LF:1
LH:1
BRF:0
BRH:0
end_of_record
TN:
SF:validators\AllHeader.js
FNF:0
FNH:0
DA:5,2
DA:9,2
LF:2
LH:2
BRF:0
BRH:0
end_of_record
TN:
SF:validators\Allparams.js
FNF:0
FNH:0
DA:6,2
DA:9,2
LF:2
LH:2
BRF:0
BRH:0
end_of_record
TN:
SF:validators\EMcreateEvent.js
FN:24,(anonymous_0)
FNF:1
FNH:1
FNDA:32,(anonymous_0)
DA:5,2
DA:9,2
DA:24,2
DA:25,32
DA:26,32
DA:28,183
DA:29,18
DA:36,14
LF:8
LH:8
BRDA:28,0,0,18
BRDA:28,0,1,165
BRF:2
BRH:2
end_of_record
TN:
SF:validators\EMgetEvents.js
FNF:0
FNH:0
DA:5,2
DA:8,2
LF:2
LH:2
BRF:0
BRH:0
end_of_record
TN:
SF:validators\EMgetbyidEvent.js
FNF:0
FNH:0
DA:5,2
DA:8,2
DA:17,2
LF:3
LH:3
BRF:0
BRH:0
end_of_record
TN:
SF:validators\EMupdateValidation.js
FNF:0
FNH:0
DA:5,2
DA:12,2
DA:19,2
DA:48,2
DA:58,2
LF:5
LH:5
BRF:0
BRH:0
end_of_record
TN:
SF:validators\EMzdeleteEvent.js
FNF:0
FNH:0
DA:5,2
DA:12,2
DA:20,2
DA:30,2
LF:4
LH:4
BRF:0
BRH:0
end_of_record
TN:
SF:validators\Udelete.js
FNF:0
FNH:0
DA:5,2
DA:17,2
DA:26,2
DA:36,2
LF:4
LH:4
BRF:0
BRH:0
end_of_record
TN:
SF:validators\Ueventbook.js
FNF:0
FNH:0
DA:5,2
DA:17,2
DA:24,2
DA:31,2
LF:4
LH:4
BRF:0
BRH:0
end_of_record
TN:
SF:validators\Ugetall.js
FNF:0
FNH:0
DA:5,2
DA:8,2
LF:2
LH:2
BRF:0
BRH:0
end_of_record
TN:
SF:validators\Uloc.js
FNF:0
FNH:0
DA:5,2
DA:17,2
DA:24,2
DA:31,2
LF:4
LH:4
BRF:0
BRH:0
end_of_record
TN:
SF:validators\Uupdate.js
FNF:0
FNH:0
DA:5,2
DA:17,2
DA:24,2
DA:30,2
DA:40,2
LF:5
LH:5
BRF:0
BRH:0
end_of_record
TN:
SF:validators\login.js
FN:19,(anonymous_0)
FNF:1
FNH:1
FNDA:9,(anonymous_0)
DA:5,2
DA:10,2
DA:19,2
DA:20,9
DA:21,9
DA:22,16
DA:23,3
DA:30,6
LF:8
LH:8
BRDA:22,0,0,3
BRDA:22,0,1,13
BRF:2
BRH:2
end_of_record
TN:
SF:validators\logout.js
FNF:0
FNH:0
DA:5,2
DA:9,2
LF:2
LH:2
BRF:0
BRH:0
end_of_record
TN:
SF:validators\registration.js
FN:21,(anonymous_0)
FNF:1
FNH:1
FNDA:23,(anonymous_0)
DA:5,2
DA:9,2
DA:21,2
DA:22,23
DA:23,23
DA:24,58
DA:25,15
DA:32,8
LF:8
LH:8
BRDA:24,0,0,15
BRDA:24,0,1,43
BRF:2
BRH:2
end_of_record
